<?xml version="1.0" encoding="UTF-8"?>
<!-- Generated by org.testng.reporters.JUnitReportReporter -->
<testsuite skipped="0" hostname="DESKTOP-6RBJ8UB" name="testngpack.TestMethod1" tests="2" failures="0" timestamp="2022-08-29T14:00:51 IST" time="0.016" errors="0">
  <testcase name="method2" time="0.002" classname="testngpack.TestMethod1"/>
  <system-out>
    <![CDATA[method21]]>
  </system-out>
  <testcase name="method1" time="0.014" classname="testngpack.TestMethod1"/>
  <system-out>
    <![CDATA[method11]]>
  </system-out>
</testsuite> <!-- testngpack.TestMethod1 -->
