<?xml version="1.0" encoding="UTF-8"?>
<!-- Generated by org.testng.reporters.JUnitReportReporter -->
<testsuite skipped="0" hostname="DESKTOP-6RBJ8UB" name="testngpack.TestNg1" tests="9" failures="0" timestamp="2022-08-29T13:57:16 IST" time="0.067" errors="0">
  <testcase name="g" time="0.002" classname="testngpack.TestNg1"/>
  <system-out>
    <![CDATA[g method]]>
  </system-out>
  <testcase name="x" time="0.008" classname="testngpack.TestNg1"/>
  <system-out>
    <![CDATA[x method]]>
  </system-out>
  <testcase name="k" time="0.002" classname="testngpack.TestNg1"/>
  <system-out>
    <![CDATA[k method]]>
  </system-out>
  <testcase name="v" time="0.029" classname="testngpack.TestNg1"/>
  <system-out>
    <![CDATA[v method]]>
  </system-out>
  <testcase name="e" time="0.002" classname="testngpack.TestNg1"/>
  <system-out>
    <![CDATA[e method]]>
  </system-out>
  <testcase name="a" time="0.014" classname="testngpack.TestNg1"/>
  <system-out>
    <![CDATA[a method]]>
  </system-out>
  <testcase name="f" time="0.003" classname="testngpack.TestNg1"/>
  <system-out>
    <![CDATA[f method]]>
  </system-out>
  <testcase name="s" time="0.003" classname="testngpack.TestNg1"/>
  <system-out>
    <![CDATA[s method]]>
  </system-out>
  <testcase name="z" time="0.004" classname="testngpack.TestNg1"/>
  <system-out>
    <![CDATA[z method]]>
  </system-out>
</testsuite> <!-- testngpack.TestNg1 -->
